<?xml version="1.0" encoding="UTF-8"?>
<!-- Generated by org.testng.reporters.JUnitReportReporter -->
<testsuite hostname="DESKTOP-6GRFO6K" failures="0" tests="7" name="Testcases.TC01_CheckCreateBoard_POST" time="4.582" errors="0" timestamp="2023-08-13T14:39:17 EEST" skipped="0">
  <testcase classname="Testcases.TC01_CheckCreateBoard_POST" name="CheckCreatingBoardWithValidData_P" time="2.289"/>
  <system-out/>
  <testcase classname="Testcases.TC01_CheckCreateBoard_POST" name="CheckCreatingBoardWithInvalidPath" time="0.427"/>
  <system-out/>
  <testcase classname="Testcases.TC01_CheckCreateBoard_POST" name="CheckCreatingBoardWithInvalidHeader" time="1.039"/>
  <system-out/>
  <testcase classname="Testcases.TC01_CheckCreateBoard_POST" name="CheckCreatingBoardWithInvalidMethod" time="0.381"/>
  <system-out/>
  <testcase classname="Testcases.TC01_CheckCreateBoard_POST" name="CheckCreatingBoardWithAuth" time="0.412"/>
  <system-out/>
  <testcase classname="Testcases.TC01_CheckCreateBoard_POST" name="checkNameNotEmpty_P" time="0.016"/>
  <system-out/>
  <testcase classname="Testcases.TC01_CheckCreateBoard_POST" name="checkNameAsExpected_P" time="0.018"/>
  <system-out/>
</testsuite> <!-- Testcases.TC01_CheckCreateBoard_POST -->
